<?xml version="1.0" encoding="UTF-8"?>
<testng-results skipped="0" failed="0" total="2" passed="2">
  <reporter-output>
  </reporter-output>
  <suite name="Suite" duration-ms="3522" started-at="2017-06-15T05:43:46Z" finished-at="2017-06-15T05:43:50Z">
    <groups>
    </groups>
    <test name="Test" duration-ms="3522" started-at="2017-06-15T05:43:46Z" finished-at="2017-06-15T05:43:50Z">
      <class name="AvivaTest">
        <test-method status="PASS" signature="beforeTest()[pri:0, instance:AvivaTest@60addb54]" name="beforeTest" is-config="true" duration-ms="990" started-at="2017-06-15T11:13:46Z" finished-at="2017-06-15T11:13:47Z">
          <reporter-output>
          </reporter-output>
        </test-method> <!-- beforeTest -->
        <test-method status="PASS" signature="test1()[pri:0, instance:AvivaTest@60addb54]" name="test1" duration-ms="575" started-at="2017-06-15T11:13:47Z" finished-at="2017-06-15T11:13:48Z">
          <reporter-output>
          </reporter-output>
        </test-method> <!-- test1 -->
        <test-method status="PASS" signature="test2()[pri:0, instance:AvivaTest@60addb54]" name="test2" duration-ms="1827" started-at="2017-06-15T11:13:48Z" finished-at="2017-06-15T11:13:50Z">
          <reporter-output>
          </reporter-output>
        </test-method> <!-- test2 -->
        <test-method status="PASS" signature="afterTest()[pri:0, instance:AvivaTest@60addb54]" name="afterTest" is-config="true" duration-ms="114" started-at="2017-06-15T11:13:50Z" finished-at="2017-06-15T11:13:50Z">
          <reporter-output>
          </reporter-output>
        </test-method> <!-- afterTest -->
      </class> <!-- AvivaTest -->
    </test> <!-- Test -->
  </suite> <!-- Suite -->
</testng-results>
